{"/Users/christopherohlmacher/Documents/Springboard/Section_III/Exercises/BizTime/app.js": {"path":"/Users/christopherohlmacher/Documents/Springboard/Section_III/Exercises/BizTime/app.js","statementMap":{"0":{"start":{"line":4,"column":16},"end":{"line":4,"column":34}},"1":{"start":{"line":6,"column":12},"end":{"line":6,"column":21}},"2":{"start":{"line":7,"column":21},"end":{"line":7,"column":46}},"3":{"start":{"line":8,"column":22},"end":{"line":8,"column":48}},"4":{"start":{"line":9,"column":22},"end":{"line":9,"column":48}},"5":{"start":{"line":11,"column":0},"end":{"line":11,"column":24}},"6":{"start":{"line":13,"column":0},"end":{"line":13,"column":36}},"7":{"start":{"line":14,"column":0},"end":{"line":14,"column":36}},"8":{"start":{"line":19,"column":0},"end":{"line":22,"column":3}},"9":{"start":{"line":20,"column":14},"end":{"line":20,"column":48}},"10":{"start":{"line":21,"column":2},"end":{"line":21,"column":19}},"11":{"start":{"line":26,"column":0},"end":{"line":34,"column":3}},"12":{"start":{"line":27,"column":2},"end":{"line":27,"column":19}},"13":{"start":{"line":28,"column":2},"end":{"line":28,"column":32}},"14":{"start":{"line":30,"column":2},"end":{"line":33,"column":5}},"15":{"start":{"line":37,"column":0},"end":{"line":37,"column":21}}},"fnMap":{"0":{"name":"(anonymous_0)","decl":{"start":{"line":19,"column":8},"end":{"line":19,"column":9}},"loc":{"start":{"line":19,"column":33},"end":{"line":22,"column":1}},"line":19},"1":{"name":"(anonymous_1)","decl":{"start":{"line":26,"column":8},"end":{"line":26,"column":9}},"loc":{"start":{"line":26,"column":33},"end":{"line":34,"column":1}},"line":26}},"branchMap":{"0":{"loc":{"start":{"line":28,"column":13},"end":{"line":28,"column":30}},"type":"binary-expr","locations":[{"start":{"line":28,"column":13},"end":{"line":28,"column":23}},{"start":{"line":28,"column":27},"end":{"line":28,"column":30}}],"line":28}},"s":{"0":1,"1":1,"2":1,"3":1,"4":1,"5":1,"6":1,"7":1,"8":1,"9":0,"10":0,"11":1,"12":4,"13":4,"14":4,"15":1},"f":{"0":0,"1":4},"b":{"0":[4,1]},"_coverageSchema":"1a1c01bbd47fc00a2c39e90264f33305004495a9","hash":"15a493ec0632e90ebb99bbf3e2e58d651cc046dc"}
,"/Users/christopherohlmacher/Documents/Springboard/Section_III/Exercises/BizTime/companyRoutes.js": {"path":"/Users/christopherohlmacher/Documents/Springboard/Section_III/Exercises/BizTime/companyRoutes.js","statementMap":{"0":{"start":{"line":1,"column":16},"end":{"line":1,"column":34}},"1":{"start":{"line":2,"column":15},"end":{"line":2,"column":35}},"2":{"start":{"line":3,"column":21},"end":{"line":3,"column":46}},"3":{"start":{"line":4,"column":11},"end":{"line":4,"column":26}},"4":{"start":{"line":6,"column":0},"end":{"line":15,"column":3}},"5":{"start":{"line":7,"column":4},"end":{"line":14,"column":5}},"6":{"start":{"line":8,"column":24},"end":{"line":10,"column":28}},"7":{"start":{"line":11,"column":8},"end":{"line":11,"column":63}},"8":{"start":{"line":13,"column":8},"end":{"line":13,"column":25}},"9":{"start":{"line":17,"column":0},"end":{"line":38,"column":3}},"10":{"start":{"line":18,"column":17},"end":{"line":18,"column":32}},"11":{"start":{"line":19,"column":4},"end":{"line":37,"column":5}},"12":{"start":{"line":20,"column":24},"end":{"line":23,"column":35}},"13":{"start":{"line":24,"column":8},"end":{"line":26,"column":9}},"14":{"start":{"line":25,"column":12},"end":{"line":25,"column":79}},"15":{"start":{"line":27,"column":24},"end":{"line":27,"column":39}},"16":{"start":{"line":28,"column":25},"end":{"line":32,"column":13}},"17":{"start":{"line":33,"column":8},"end":{"line":33,"column":41}},"18":{"start":{"line":34,"column":8},"end":{"line":34,"column":55}},"19":{"start":{"line":36,"column":8},"end":{"line":36,"column":25}},"20":{"start":{"line":40,"column":0},"end":{"line":55,"column":3}},"21":{"start":{"line":41,"column":4},"end":{"line":54,"column":5}},"22":{"start":{"line":42,"column":42},"end":{"line":42,"column":50}},"23":{"start":{"line":43,"column":24},"end":{"line":47,"column":72}},"24":{"start":{"line":48,"column":8},"end":{"line":50,"column":9}},"25":{"start":{"line":49,"column":12},"end":{"line":49,"column":67}},"26":{"start":{"line":51,"column":8},"end":{"line":51,"column":64}},"27":{"start":{"line":53,"column":8},"end":{"line":53,"column":25}},"28":{"start":{"line":57,"column":0},"end":{"line":73,"column":3}},"29":{"start":{"line":58,"column":4},"end":{"line":72,"column":5}},"30":{"start":{"line":59,"column":21},"end":{"line":59,"column":36}},"31":{"start":{"line":60,"column":38},"end":{"line":60,"column":46}},"32":{"start":{"line":61,"column":24},"end":{"line":65,"column":70}},"33":{"start":{"line":66,"column":8},"end":{"line":68,"column":9}},"34":{"start":{"line":67,"column":12},"end":{"line":67,"column":75}},"35":{"start":{"line":69,"column":8},"end":{"line":69,"column":64}},"36":{"start":{"line":71,"column":8},"end":{"line":71,"column":25}},"37":{"start":{"line":75,"column":0},"end":{"line":92,"column":3}},"38":{"start":{"line":76,"column":4},"end":{"line":91,"column":5}},"39":{"start":{"line":77,"column":21},"end":{"line":77,"column":36}},"40":{"start":{"line":78,"column":8},"end":{"line":80,"column":36}},"41":{"start":{"line":81,"column":24},"end":{"line":84,"column":35}},"42":{"start":{"line":85,"column":8},"end":{"line":87,"column":9}},"43":{"start":{"line":86,"column":12},"end":{"line":86,"column":67}},"44":{"start":{"line":88,"column":8},"end":{"line":88,"column":58}},"45":{"start":{"line":90,"column":8},"end":{"line":90,"column":25}},"46":{"start":{"line":94,"column":0},"end":{"line":94,"column":24}}},"fnMap":{"0":{"name":"(anonymous_0)","decl":{"start":{"line":6,"column":16},"end":{"line":6,"column":17}},"loc":{"start":{"line":6,"column":40},"end":{"line":15,"column":1}},"line":6},"1":{"name":"(anonymous_1)","decl":{"start":{"line":17,"column":21},"end":{"line":17,"column":22}},"loc":{"start":{"line":17,"column":45},"end":{"line":38,"column":1}},"line":17},"2":{"name":"(anonymous_2)","decl":{"start":{"line":40,"column":17},"end":{"line":40,"column":18}},"loc":{"start":{"line":40,"column":41},"end":{"line":55,"column":1}},"line":40},"3":{"name":"(anonymous_3)","decl":{"start":{"line":57,"column":23},"end":{"line":57,"column":24}},"loc":{"start":{"line":57,"column":47},"end":{"line":73,"column":1}},"line":57},"4":{"name":"(anonymous_4)","decl":{"start":{"line":75,"column":24},"end":{"line":75,"column":25}},"loc":{"start":{"line":75,"column":48},"end":{"line":92,"column":1}},"line":75}},"branchMap":{"0":{"loc":{"start":{"line":24,"column":8},"end":{"line":26,"column":9}},"type":"if","locations":[{"start":{"line":24,"column":8},"end":{"line":26,"column":9}},{"start":{},"end":{}}],"line":24},"1":{"loc":{"start":{"line":48,"column":8},"end":{"line":50,"column":9}},"type":"if","locations":[{"start":{"line":48,"column":8},"end":{"line":50,"column":9}},{"start":{},"end":{}}],"line":48},"2":{"loc":{"start":{"line":66,"column":8},"end":{"line":68,"column":9}},"type":"if","locations":[{"start":{"line":66,"column":8},"end":{"line":68,"column":9}},{"start":{},"end":{}}],"line":66},"3":{"loc":{"start":{"line":85,"column":8},"end":{"line":87,"column":9}},"type":"if","locations":[{"start":{"line":85,"column":8},"end":{"line":87,"column":9}},{"start":{},"end":{}}],"line":85}},"s":{"0":1,"1":1,"2":1,"3":1,"4":1,"5":1,"6":1,"7":1,"8":0,"9":1,"10":2,"11":2,"12":2,"13":2,"14":1,"15":1,"16":1,"17":1,"18":1,"19":1,"20":1,"21":2,"22":2,"23":2,"24":1,"25":0,"26":1,"27":1,"28":1,"29":3,"30":3,"31":3,"32":3,"33":3,"34":2,"35":1,"36":2,"37":1,"38":1,"39":1,"40":1,"41":1,"42":1,"43":0,"44":1,"45":0,"46":1},"f":{"0":1,"1":2,"2":2,"3":3,"4":1},"b":{"0":[1,1],"1":[0,1],"2":[2,1],"3":[0,1]},"_coverageSchema":"1a1c01bbd47fc00a2c39e90264f33305004495a9","hash":"0894b8904d589f78667df528fb7c64971bdcc951"}
,"/Users/christopherohlmacher/Documents/Springboard/Section_III/Exercises/BizTime/db.js": {"path":"/Users/christopherohlmacher/Documents/Springboard/Section_III/Exercises/BizTime/db.js","statementMap":{"0":{"start":{"line":2,"column":19},"end":{"line":2,"column":32}},"1":{"start":{"line":4,"column":15},"end":{"line":6,"column":29}},"2":{"start":{"line":8,"column":9},"end":{"line":10,"column":2}},"3":{"start":{"line":12,"column":0},"end":{"line":12,"column":13}},"4":{"start":{"line":14,"column":0},"end":{"line":14,"column":20}}},"fnMap":{},"branchMap":{"0":{"loc":{"start":{"line":4,"column":15},"end":{"line":6,"column":29}},"type":"cond-expr","locations":[{"start":{"line":5,"column":6},"end":{"line":5,"column":34}},{"start":{"line":6,"column":6},"end":{"line":6,"column":29}}],"line":4}},"s":{"0":1,"1":1,"2":1,"3":1,"4":1},"f":{},"b":{"0":[1,0]},"_coverageSchema":"1a1c01bbd47fc00a2c39e90264f33305004495a9","hash":"c1979d496e3448778600fa9caf7a88700864989d"}
,"/Users/christopherohlmacher/Documents/Springboard/Section_III/Exercises/BizTime/expressError.js": {"path":"/Users/christopherohlmacher/Documents/Springboard/Section_III/Exercises/BizTime/expressError.js","statementMap":{"0":{"start":{"line":9,"column":4},"end":{"line":9,"column":12}},"1":{"start":{"line":10,"column":4},"end":{"line":10,"column":27}},"2":{"start":{"line":11,"column":4},"end":{"line":11,"column":25}},"3":{"start":{"line":12,"column":4},"end":{"line":12,"column":30}},"4":{"start":{"line":17,"column":0},"end":{"line":17,"column":30}}},"fnMap":{"0":{"name":"(anonymous_0)","decl":{"start":{"line":8,"column":2},"end":{"line":8,"column":3}},"loc":{"start":{"line":8,"column":31},"end":{"line":13,"column":3}},"line":8}},"branchMap":{},"s":{"0":3,"1":3,"2":3,"3":3,"4":1},"f":{"0":3},"b":{},"_coverageSchema":"1a1c01bbd47fc00a2c39e90264f33305004495a9","hash":"2412265d38e7669da8fe559d3d3ba9610249ed3b"}
,"/Users/christopherohlmacher/Documents/Springboard/Section_III/Exercises/BizTime/invoiceRoutes.js": {"path":"/Users/christopherohlmacher/Documents/Springboard/Section_III/Exercises/BizTime/invoiceRoutes.js","statementMap":{"0":{"start":{"line":1,"column":16},"end":{"line":1,"column":34}},"1":{"start":{"line":2,"column":15},"end":{"line":2,"column":35}},"2":{"start":{"line":3,"column":21},"end":{"line":3,"column":46}},"3":{"start":{"line":4,"column":11},"end":{"line":4,"column":26}},"4":{"start":{"line":6,"column":0},"end":{"line":15,"column":3}},"5":{"start":{"line":7,"column":4},"end":{"line":14,"column":5}},"6":{"start":{"line":8,"column":24},"end":{"line":10,"column":27}},"7":{"start":{"line":11,"column":8},"end":{"line":11,"column":62}},"8":{"start":{"line":13,"column":8},"end":{"line":13,"column":25}},"9":{"start":{"line":17,"column":0},"end":{"line":41,"column":3}},"10":{"start":{"line":18,"column":15},"end":{"line":18,"column":28}},"11":{"start":{"line":19,"column":4},"end":{"line":40,"column":5}},"12":{"start":{"line":20,"column":24},"end":{"line":23,"column":31}},"13":{"start":{"line":24,"column":8},"end":{"line":26,"column":9}},"14":{"start":{"line":25,"column":12},"end":{"line":25,"column":75}},"15":{"start":{"line":27,"column":24},"end":{"line":27,"column":39}},"16":{"start":{"line":28,"column":21},"end":{"line":28,"column":38}},"17":{"start":{"line":29,"column":26},"end":{"line":32,"column":35}},"18":{"start":{"line":33,"column":8},"end":{"line":35,"column":9}},"19":{"start":{"line":34,"column":12},"end":{"line":34,"column":82}},"20":{"start":{"line":36,"column":8},"end":{"line":36,"column":44}},"21":{"start":{"line":37,"column":8},"end":{"line":37,"column":63}},"22":{"start":{"line":39,"column":8},"end":{"line":39,"column":25}},"23":{"start":{"line":43,"column":0},"end":{"line":59,"column":3}},"24":{"start":{"line":44,"column":31},"end":{"line":44,"column":39}},"25":{"start":{"line":45,"column":4},"end":{"line":58,"column":5}},"26":{"start":{"line":46,"column":24},"end":{"line":51,"column":29}},"27":{"start":{"line":52,"column":8},"end":{"line":54,"column":9}},"28":{"start":{"line":53,"column":12},"end":{"line":53,"column":67}},"29":{"start":{"line":55,"column":8},"end":{"line":55,"column":64}},"30":{"start":{"line":57,"column":8},"end":{"line":57,"column":25}},"31":{"start":{"line":61,"column":0},"end":{"line":78,"column":3}},"32":{"start":{"line":62,"column":4},"end":{"line":77,"column":5}},"33":{"start":{"line":63,"column":19},"end":{"line":63,"column":32}},"34":{"start":{"line":64,"column":24},"end":{"line":64,"column":32}},"35":{"start":{"line":65,"column":24},"end":{"line":70,"column":21}},"36":{"start":{"line":71,"column":8},"end":{"line":73,"column":9}},"37":{"start":{"line":72,"column":12},"end":{"line":72,"column":73}},"38":{"start":{"line":74,"column":8},"end":{"line":74,"column":64}},"39":{"start":{"line":76,"column":8},"end":{"line":76,"column":25}},"40":{"start":{"line":80,"column":0},"end":{"line":97,"column":3}},"41":{"start":{"line":81,"column":4},"end":{"line":96,"column":5}},"42":{"start":{"line":82,"column":19},"end":{"line":82,"column":32}},"43":{"start":{"line":83,"column":8},"end":{"line":85,"column":32}},"44":{"start":{"line":86,"column":24},"end":{"line":89,"column":31}},"45":{"start":{"line":90,"column":8},"end":{"line":92,"column":9}},"46":{"start":{"line":91,"column":12},"end":{"line":91,"column":67}},"47":{"start":{"line":93,"column":8},"end":{"line":93,"column":58}},"48":{"start":{"line":95,"column":8},"end":{"line":95,"column":25}},"49":{"start":{"line":99,"column":0},"end":{"line":99,"column":24}}},"fnMap":{"0":{"name":"(anonymous_0)","decl":{"start":{"line":6,"column":16},"end":{"line":6,"column":17}},"loc":{"start":{"line":6,"column":40},"end":{"line":15,"column":1}},"line":6},"1":{"name":"(anonymous_1)","decl":{"start":{"line":17,"column":19},"end":{"line":17,"column":20}},"loc":{"start":{"line":17,"column":43},"end":{"line":41,"column":1}},"line":17},"2":{"name":"(anonymous_2)","decl":{"start":{"line":43,"column":17},"end":{"line":43,"column":18}},"loc":{"start":{"line":43,"column":41},"end":{"line":59,"column":1}},"line":43},"3":{"name":"(anonymous_3)","decl":{"start":{"line":61,"column":21},"end":{"line":61,"column":22}},"loc":{"start":{"line":61,"column":45},"end":{"line":78,"column":1}},"line":61},"4":{"name":"(anonymous_4)","decl":{"start":{"line":80,"column":22},"end":{"line":80,"column":23}},"loc":{"start":{"line":80,"column":46},"end":{"line":97,"column":1}},"line":80}},"branchMap":{"0":{"loc":{"start":{"line":24,"column":8},"end":{"line":26,"column":9}},"type":"if","locations":[{"start":{"line":24,"column":8},"end":{"line":26,"column":9}},{"start":{},"end":{}}],"line":24},"1":{"loc":{"start":{"line":33,"column":8},"end":{"line":35,"column":9}},"type":"if","locations":[{"start":{"line":33,"column":8},"end":{"line":35,"column":9}},{"start":{},"end":{}}],"line":33},"2":{"loc":{"start":{"line":52,"column":8},"end":{"line":54,"column":9}},"type":"if","locations":[{"start":{"line":52,"column":8},"end":{"line":54,"column":9}},{"start":{},"end":{}}],"line":52},"3":{"loc":{"start":{"line":71,"column":8},"end":{"line":73,"column":9}},"type":"if","locations":[{"start":{"line":71,"column":8},"end":{"line":73,"column":9}},{"start":{},"end":{}}],"line":71},"4":{"loc":{"start":{"line":90,"column":8},"end":{"line":92,"column":9}},"type":"if","locations":[{"start":{"line":90,"column":8},"end":{"line":92,"column":9}},{"start":{},"end":{}}],"line":90}},"s":{"0":1,"1":1,"2":1,"3":1,"4":1,"5":0,"6":0,"7":0,"8":0,"9":1,"10":0,"11":0,"12":0,"13":0,"14":0,"15":0,"16":0,"17":0,"18":0,"19":0,"20":0,"21":0,"22":0,"23":1,"24":0,"25":0,"26":0,"27":0,"28":0,"29":0,"30":0,"31":1,"32":0,"33":0,"34":0,"35":0,"36":0,"37":0,"38":0,"39":0,"40":1,"41":0,"42":0,"43":0,"44":0,"45":0,"46":0,"47":0,"48":0,"49":1},"f":{"0":0,"1":0,"2":0,"3":0,"4":0},"b":{"0":[0,0],"1":[0,0],"2":[0,0],"3":[0,0],"4":[0,0]},"_coverageSchema":"1a1c01bbd47fc00a2c39e90264f33305004495a9","hash":"d1a964b938a63e8e582d0155b910fa355c033efa"}
}
