TN:
SF:app.js
FN:19,(anonymous_0)
FN:26,(anonymous_1)
FNF:2
FNH:1
FNDA:0,(anonymous_0)
FNDA:4,(anonymous_1)
DA:4,1
DA:6,1
DA:7,1
DA:8,1
DA:9,1
DA:11,1
DA:13,1
DA:14,1
DA:19,1
DA:20,0
DA:21,0
DA:26,1
DA:27,4
DA:28,4
DA:30,4
DA:37,1
LF:16
LH:14
BRDA:28,0,0,4
BRDA:28,0,1,1
BRF:2
BRH:2
end_of_record
TN:
SF:companyRoutes.js
FN:6,(anonymous_0)
FN:17,(anonymous_1)
FN:40,(anonymous_2)
FN:57,(anonymous_3)
FN:75,(anonymous_4)
FNF:5
FNH:5
FNDA:1,(anonymous_0)
FNDA:2,(anonymous_1)
FNDA:2,(anonymous_2)
FNDA:3,(anonymous_3)
FNDA:1,(anonymous_4)
DA:1,1
DA:2,1
DA:3,1
DA:4,1
DA:6,1
DA:7,1
DA:8,1
DA:11,1
DA:13,0
DA:17,1
DA:18,2
DA:19,2
DA:20,2
DA:24,2
DA:25,1
DA:27,1
DA:28,1
DA:33,1
DA:34,1
DA:36,1
DA:40,1
DA:41,2
DA:42,2
DA:43,2
DA:48,1
DA:49,0
DA:51,1
DA:53,1
DA:57,1
DA:58,3
DA:59,3
DA:60,3
DA:61,3
DA:66,3
DA:67,2
DA:69,1
DA:71,2
DA:75,1
DA:76,1
DA:77,1
DA:78,1
DA:81,1
DA:85,1
DA:86,0
DA:88,1
DA:90,0
DA:94,1
LF:47
LH:43
BRDA:24,0,0,1
BRDA:24,0,1,1
BRDA:48,1,0,0
BRDA:48,1,1,1
BRDA:66,2,0,2
BRDA:66,2,1,1
BRDA:85,3,0,0
BRDA:85,3,1,1
BRF:8
BRH:6
end_of_record
TN:
SF:db.js
FNF:0
FNH:0
DA:2,1
DA:4,1
DA:8,1
DA:12,1
DA:14,1
LF:5
LH:5
BRDA:4,0,0,1
BRDA:4,0,1,0
BRF:2
BRH:1
end_of_record
TN:
SF:expressError.js
FN:8,(anonymous_0)
FNF:1
FNH:1
FNDA:3,(anonymous_0)
DA:9,3
DA:10,3
DA:11,3
DA:12,3
DA:17,1
LF:5
LH:5
BRF:0
BRH:0
end_of_record
TN:
SF:invoiceRoutes.js
FN:6,(anonymous_0)
FN:17,(anonymous_1)
FN:43,(anonymous_2)
FN:61,(anonymous_3)
FN:80,(anonymous_4)
FNF:5
FNH:0
FNDA:0,(anonymous_0)
FNDA:0,(anonymous_1)
FNDA:0,(anonymous_2)
FNDA:0,(anonymous_3)
FNDA:0,(anonymous_4)
DA:1,1
DA:2,1
DA:3,1
DA:4,1
DA:6,1
DA:7,0
DA:8,0
DA:11,0
DA:13,0
DA:17,1
DA:18,0
DA:19,0
DA:20,0
DA:24,0
DA:25,0
DA:27,0
DA:28,0
DA:29,0
DA:33,0
DA:34,0
DA:36,0
DA:37,0
DA:39,0
DA:43,1
DA:44,0
DA:45,0
DA:46,0
DA:52,0
DA:53,0
DA:55,0
DA:57,0
DA:61,1
DA:62,0
DA:63,0
DA:64,0
DA:65,0
DA:71,0
DA:72,0
DA:74,0
DA:76,0
DA:80,1
DA:81,0
DA:82,0
DA:83,0
DA:86,0
DA:90,0
DA:91,0
DA:93,0
DA:95,0
DA:99,1
LF:50
LH:10
BRDA:24,0,0,0
BRDA:24,0,1,0
BRDA:33,1,0,0
BRDA:33,1,1,0
BRDA:52,2,0,0
BRDA:52,2,1,0
BRDA:71,3,0,0
BRDA:71,3,1,0
BRDA:90,4,0,0
BRDA:90,4,1,0
BRF:10
BRH:0
end_of_record
